<?xml version="1.0" encoding="UTF-8"?>
<!-- Generated by org.testng.reporters.JUnitReportReporter -->
<testsuite hostname="DESKTOP-1GBCV1K" failures="0" tests="1" name="testCases.DELETE_A_Product" time="2.702" errors="0" timestamp="14 Oct 2021 18:49:59 GMT" skipped="0">
  <testcase classname="testCases.DELETE_A_Product" name="delete_A_product" time="2.702"/>
</testsuite> <!-- testCases.DELETE_A_Product -->
