<?xml version="1.0" encoding="UTF-8"?>
<!-- Generated by org.testng.reporters.JUnitReportReporter -->
<testsuite hostname="DESKTOP-1GBCV1K" failures="0" tests="1" name="testCases.GET_Read_All_Products" time="3.837" errors="0" timestamp="21 Sep 2021 04:00:55 GMT" skipped="0">
  <testcase classname="testCases.GET_Read_All_Products" name="get_Read_All_products" time="3.837"/>
</testsuite> <!-- testCases.GET_Read_All_Products -->
