<?xml version="1.0" encoding="UTF-8"?>
<!-- Generated by org.testng.reporters.JUnitReportReporter -->
<testsuite hostname="DESKTOP-1GBCV1K" failures="0" tests="1" name="testCases.POST_Create_A_Product" time="2.471" errors="0" timestamp="21 Sep 2021 03:55:56 GMT" skipped="0">
  <testcase classname="testCases.POST_Create_A_Product" name="create_A_product" time="2.471"/>
</testsuite> <!-- testCases.POST_Create_A_Product -->
