<?xml version="1.0" encoding="UTF-8"?>
<!-- Generated by org.testng.reporters.JUnitReportReporter -->
<testsuite hostname="DESKTOP-1GBCV1K" failures="0" tests="1" name="testCases.PUT_Update_A_Product" time="2.449" errors="0" timestamp="14 Oct 2021 18:50:32 GMT" skipped="0">
  <testcase classname="testCases.PUT_Update_A_Product" name="update_A_product" time="2.449"/>
</testsuite> <!-- testCases.PUT_Update_A_Product -->
